{
  "stats": {
    "suites": 1,
    "tests": 1,
    "passes": 1,
    "pending": 0,
    "failures": 0,
    "start": "2023-11-10T17:13:28.618Z",
    "end": "2023-11-10T17:13:32.860Z",
    "duration": 4242,
    "testsRegistered": 1,
    "passPercent": 100,
    "pendingPercent": 0,
    "other": 0,
    "hasOther": false,
    "skipped": 0,
    "hasSkipped": false
  },
  "results": [
    {
      "uuid": "930e83fc-f9e5-485c-bb13-06014c1597b6",
      "title": "",
      "fullFile": "cypress\\e2e\\recuperer-les-elements-d’un menu.cy.js",
      "file": "cypress\\e2e\\recuperer-les-elements-d’un menu.cy.js",
      "beforeHooks": [],
      "afterHooks": [],
      "tests": [],
      "suites": [
        {
          "uuid": "07276d93-f136-4632-bbf1-957ecfa00e59",
          "title": "Récupérer les éléments d’une liste qui s’affiche",
          "fullFile": "",
          "file": "",
          "beforeHooks": [],
          "afterHooks": [],
          "tests": [
            {
              "title": "Survol et récupération des éléments",
              "fullTitle": "Récupérer les éléments d’une liste qui s’affiche Survol et récupération des éléments",
              "timedOut": null,
              "duration": 4125,
              "state": "passed",
              "speed": "fast",
              "pass": true,
              "fail": false,
              "pending": false,
              "context": null,
              "code": "// Visite la page d'accueil\ncy.visit('/');\n// Utilise un sélecteur pour l'élément déclenchant la liste\ncy.get('#ui-id-2').get('#ui-id-6')\n// Déclenche l'événement de survol pour afficher la liste\n.invoke('mouseover')\n// Attends que la liste soit affichée\n.next('.ui-corner-all').find('li').each(listItem => {\n  // Logue le texte de chaque élément de la liste\n  cy.log(listItem.text());\n});",
              "err": {},
              "uuid": "b0a94675-017d-46bd-abdf-173e48de0bd5",
              "parentUUID": "07276d93-f136-4632-bbf1-957ecfa00e59",
              "isHook": false,
              "skipped": false
            }
          ],
          "suites": [],
          "passes": [
            "b0a94675-017d-46bd-abdf-173e48de0bd5"
          ],
          "failures": [],
          "pending": [],
          "skipped": [],
          "duration": 4125,
          "root": false,
          "rootEmpty": false,
          "_timeout": 2000
        }
      ],
      "passes": [],
      "failures": [],
      "pending": [],
      "skipped": [],
      "duration": 0,
      "root": true,
      "rootEmpty": true,
      "_timeout": 2000
    }
  ],
  "meta": {
    "mocha": {
      "version": "7.0.1"
    },
    "mochawesome": {
      "options": {
        "quiet": false,
        "reportFilename": "mochawesome",
        "saveHtml": false,
        "saveJson": true,
        "consoleReporter": "spec",
        "useInlineDiffs": false,
        "code": true
      },
      "version": "7.1.3"
    },
    "marge": {
      "options": {
        "id": "default",
        "reportDir": "cypress/results/json",
        "overwrite": false,
        "html": false,
        "json": true
      },
      "version": "6.2.0"
    }
  }
}