{
  "stats": {
    "suites": 1,
    "tests": 1,
    "passes": 1,
    "pending": 0,
    "failures": 0,
    "start": "2023-11-10T17:13:23.106Z",
    "end": "2023-11-10T17:13:26.144Z",
    "duration": 3038,
    "testsRegistered": 1,
    "passPercent": 100,
    "pendingPercent": 0,
    "other": 0,
    "hasOther": false,
    "skipped": 0,
    "hasSkipped": false
  },
  "results": [
    {
      "uuid": "370f585c-2067-4911-8ef3-17b74018110f",
      "title": "",
      "fullFile": "cypress\\e2e\\Logo.cy.js",
      "file": "cypress\\e2e\\Logo.cy.js",
      "beforeHooks": [],
      "afterHooks": [],
      "tests": [],
      "suites": [
        {
          "uuid": "251ca7e7-f021-4d66-bf11-77b0247597bf",
          "title": "Vérification de la présence du logo et du titre \"LUMA\"",
          "fullFile": "",
          "file": "",
          "beforeHooks": [],
          "afterHooks": [],
          "tests": [
            {
              "title": "Ouvre le site web et vérifie la présence du logo et du titre \"LUMA\"",
              "fullTitle": "Vérification de la présence du logo et du titre \"LUMA\" Ouvre le site web et vérifie la présence du logo et du titre \"LUMA\"",
              "timedOut": null,
              "duration": 2955,
              "state": "passed",
              "speed": "fast",
              "pass": true,
              "fail": false,
              "pending": false,
              "context": null,
              "code": "// Ouvre le site web\ncy.visit('/');\n// Vérifie la présence du logo avec la classe \"logo\"\ncy.get('.logo').should('be.visible');",
              "err": {},
              "uuid": "eb0924c4-4b60-4763-a4e6-877629460ae0",
              "parentUUID": "251ca7e7-f021-4d66-bf11-77b0247597bf",
              "isHook": false,
              "skipped": false
            }
          ],
          "suites": [],
          "passes": [
            "eb0924c4-4b60-4763-a4e6-877629460ae0"
          ],
          "failures": [],
          "pending": [],
          "skipped": [],
          "duration": 2955,
          "root": false,
          "rootEmpty": false,
          "_timeout": 2000
        }
      ],
      "passes": [],
      "failures": [],
      "pending": [],
      "skipped": [],
      "duration": 0,
      "root": true,
      "rootEmpty": true,
      "_timeout": 2000
    }
  ],
  "meta": {
    "mocha": {
      "version": "7.0.1"
    },
    "mochawesome": {
      "options": {
        "quiet": false,
        "reportFilename": "mochawesome",
        "saveHtml": false,
        "saveJson": true,
        "consoleReporter": "spec",
        "useInlineDiffs": false,
        "code": true
      },
      "version": "7.1.3"
    },
    "marge": {
      "options": {
        "id": "default",
        "reportDir": "cypress/results/json",
        "overwrite": false,
        "html": false,
        "json": true
      },
      "version": "6.2.0"
    }
  }
}