{
  "stats": {
    "suites": 0,
    "tests": 1,
    "passes": 1,
    "pending": 0,
    "failures": 0,
    "start": "2023-11-10T16:48:12.493Z",
    "end": "2023-11-10T16:48:16.450Z",
    "duration": 3957,
    "testsRegistered": 1,
    "passPercent": 100,
    "pendingPercent": 0,
    "other": 0,
    "hasOther": false,
    "skipped": 0,
    "hasSkipped": false
  },
  "results": [
    {
      "uuid": "65c7ab06-f75e-47d4-aefe-26e1813be5f4",
      "title": "",
      "fullFile": "cypress\\e2e\\controler-lesitems-du-footer.cy.js",
      "file": "cypress\\e2e\\controler-lesitems-du-footer.cy.js",
      "beforeHooks": [],
      "afterHooks": [],
      "tests": [
        {
          "title": "Contrôler les items du footer",
          "fullTitle": "Contrôler les items du footer",
          "timedOut": null,
          "duration": 3830,
          "state": "passed",
          "speed": "fast",
          "pass": true,
          "fail": false,
          "pending": false,
          "context": null,
          "code": "// Visite la page d'accueil\ncy.visit('/');\n// Définit une liste d'items du footer\nconst items = ['Write for us', 'Subscribe to our mailing list', 'Contact us', 'Hire a Sofware Testing/QA Company', 'Search Terms', 'Privacy and Cookie Policy', 'Advanced Search', 'Orders and Returns'];\n// Utilise une boucle pour itérer sur la liste des éléments\nitems.forEach(item => {\n  // Vérifie la présence de chaque item dans le footer\n  cy.get('.footer').contains(item).should('exist');\n});",
          "err": {},
          "uuid": "c3675d97-3ce1-4b2b-8e5e-875a604597a4",
          "parentUUID": "65c7ab06-f75e-47d4-aefe-26e1813be5f4",
          "isHook": false,
          "skipped": false
        }
      ],
      "suites": [],
      "passes": [
        "c3675d97-3ce1-4b2b-8e5e-875a604597a4"
      ],
      "failures": [],
      "pending": [],
      "skipped": [],
      "duration": 3830,
      "root": true,
      "rootEmpty": false,
      "_timeout": 2000
    }
  ],
  "meta": {
    "mocha": {
      "version": "7.0.1"
    },
    "mochawesome": {
      "options": {
        "quiet": false,
        "reportFilename": "mochawesome",
        "saveHtml": false,
        "saveJson": true,
        "consoleReporter": "spec",
        "useInlineDiffs": false,
        "code": true
      },
      "version": "7.1.3"
    },
    "marge": {
      "options": {
        "id": "default",
        "reportDir": "cypress/results/json",
        "overwrite": false,
        "html": false,
        "json": true
      },
      "version": "6.2.0"
    }
  }
}